============================= test session starts =============================
platform win32 -- Python 3.14.4, pytest-9.0.3, pluggy-1.6.0
cachedir: .pytest_cache
hypothesis profile 'default'
rootdir: QNHS-Research-2026
plugins: anyio-4.13.0, hypothesis-6.163.0, langsmith-0.9.7, asyncio-1.4.0, cov-7.1.0
asyncio: mode=Mode.STRICT, debug=False, asyncio_default_fixture_loop_scope=None, asyncio_default_test_loop_scope=function
collecting ... collected 73 items

tests/test_energy_model.py::TestMTJEnergyComponent::test_mtj_energy_is_01_fJ PASSED [  1%]
tests/test_energy_model.py::TestMTJEnergyComponent::test_mtj_positive PASSED [  2%]
tests/test_energy_model.py::TestMTJEnergyComponent::test_mtj_scales_with_pulse_width PASSED [  4%]
tests/test_energy_model.py::TestQubitEnergyComponent::test_qubit_energy_close_to_1_fJ PASSED [  5%]
tests/test_energy_model.py::TestQubitEnergyComponent::test_qubit_energy_formula PASSED [  6%]
tests/test_energy_model.py::TestCMOSEnergyComponent::test_cmos_energy_is_10_fJ PASSED [  8%]
tests/test_energy_model.py::TestTotalSynapticEnergy::test_cmos_dominates PASSED [  9%]
tests/test_energy_model.py::TestTotalSynapticEnergy::test_components_all_positive PASSED [ 10%]
tests/test_energy_model.py::TestTotalSynapticEnergy::test_device_level_advantage_three_orders PASSED [ 12%]
tests/test_energy_model.py::TestTotalSynapticEnergy::test_total_energy_approximately_11_fJ PASSED [ 13%]
tests/test_energy_model.py::TestTotalSynapticEnergy::test_total_is_sum_of_components PASSED [ 15%]
tests/test_energy_model.py::TestTotalSynapticEnergy::test_wall_plug_advantage_over_gpu PASSED [ 16%]
tests/test_energy_model.py::TestRefrigerationOverhead::test_carnot_factor_50 PASSED [ 17%]
tests/test_energy_model.py::TestRefrigerationOverhead::test_refrigeration_reduces_advantage PASSED [ 19%]
tests/test_mtj_model.py::TestMTJDeviceProperties::test_four_resistance_states PASSED [ 20%]
tests/test_mtj_model.py::TestMTJDeviceProperties::test_r0_equals_r_p PASSED [ 21%]
tests/test_mtj_model.py::TestMTJDeviceProperties::test_r3_equals_r_ap PASSED [ 23%]
tests/test_mtj_model.py::TestMTJDeviceProperties::test_r_ap_formula PASSED [ 24%]
tests/test_mtj_model.py::TestMTJDeviceProperties::test_r_ap_greater_than_r_p PASSED [ 26%]
tests/test_mtj_model.py::TestMTJDeviceProperties::test_read_current_higher_for_lower_resistance PASSED [ 27%]
tests/test_mtj_model.py::TestMTJDeviceProperties::test_read_current_positive PASSED [ 28%]
tests/test_mtj_model.py::TestMTJDeviceProperties::test_resistance_states_ordered PASSED [ 30%]
tests/test_mtj_model.py::TestMTJDeviceProperties::test_tmr_ratio_exceeds_200_pct PASSED [ 31%]
tests/test_mtj_model.py::TestSwitchingProbability::test_above_critical_high_probability PASSED [ 32%]
tests/test_mtj_model.py::TestSwitchingProbability::test_lower_temp_less_thermal_activation PASSED [ 34%]
tests/test_mtj_model.py::TestSwitchingProbability::test_probability_bounded PASSED [ 35%]
tests/test_mtj_model.py::TestSwitchingProbability::test_probability_monotonically_increases PASSED [ 36%]
tests/test_mtj_model.py::TestSwitchingProbability::test_retention_barrier_60_kT PASSED [ 38%]
tests/test_mtj_model.py::TestSwitchingProbability::test_switching_energy_is_01_fJ PASSED [ 39%]
tests/test_mtj_model.py::TestSwitchingProbability::test_zero_current_no_switch PASSED [ 41%]
tests/test_mtj_model.py::TestCrossbarSimulation::test_256x256_crossbar_capacity PASSED [ 42%]
tests/test_mtj_model.py::TestCrossbarSimulation::test_all_four_states_represented PASSED [ 43%]
tests/test_mtj_model.py::TestCrossbarSimulation::test_crossbar_shape PASSED [ 45%]
tests/test_mtj_model.py::TestCrossbarSimulation::test_different_seeds_differ PASSED [ 46%]
tests/test_mtj_model.py::TestCrossbarSimulation::test_reproducible_with_seed PASSED [ 47%]
tests/test_mtj_model.py::TestCrossbarSimulation::test_states_in_valid_range PASSED [ 49%]
tests/test_qstdp.py::TestQSTDPSynapseInit::test_amplitude_norm_unity PASSED [ 50%]
tests/test_qstdp.py::TestQSTDPSynapseInit::test_hilbert_space_dimension PASSED [ 52%]
tests/test_qstdp.py::TestQSTDPSynapseInit::test_weight_basis_range PASSED [ 53%]
tests/test_qstdp.py::TestSTDPKernel::test_exponential_decay_ltd PASSED   [ 54%]
tests/test_qstdp.py::TestSTDPKernel::test_exponential_decay_ltp PASSED   [ 56%]
tests/test_qstdp.py::TestSTDPKernel::test_kernel_bounded PASSED          [ 57%]
tests/test_qstdp.py::TestSTDPKernel::test_ltd_negative PASSED            [ 58%]
tests/test_qstdp.py::TestSTDPKernel::test_ltp_positive PASSED            [ 60%]
tests/test_qstdp.py::TestSTDPKernel::test_zero_dt PASSED                 [ 61%]
tests/test_qstdp.py::TestQSTDPUpdate::test_entropy_is_nonnegative PASSED [ 63%]
tests/test_qstdp.py::TestQSTDPUpdate::test_ltd_shifts_mass_to_lower_weights PASSED [ 64%]
tests/test_qstdp.py::TestQSTDPUpdate::test_ltp_shifts_mass_to_higher_weights PASSED [ 65%]
tests/test_qstdp.py::TestQSTDPUpdate::test_max_entropy_uniform PASSED    [ 67%]
tests/test_qstdp.py::TestQSTDPUpdate::test_mean_weight_in_range PASSED   [ 68%]
tests/test_qstdp.py::TestQSTDPUpdate::test_norm_preserved_after_update PASSED [ 69%]
tests/test_qstdp.py::TestQSTDPUpdate::test_sample_weight_in_basis PASSED [ 71%]
tests/test_qstdp.py::TestQSTDPUpdate::test_uniform_scaling_is_not_learning PASSED [ 72%]
tests/test_qstdp.py::TestQSTDPSimulation::test_entropies_nonnegative PASSED [ 73%]
tests/test_qstdp.py::TestQSTDPSimulation::test_final_probs_sum_to_one PASSED [ 75%]
tests/test_qstdp.py::TestQSTDPSimulation::test_k_controls_basis_size PASSED [ 76%]
tests/test_qstdp.py::TestQSTDPSimulation::test_representational_capacity PASSED [ 78%]
tests/test_qstdp.py::TestQSTDPSimulation::test_simulation_runs PASSED    [ 79%]
tests/test_surface_code.py::TestSurfaceCodePhysicalProperties::test_100ms_projection_with_enrichment PASSED [ 80%]
tests/test_surface_code.py::TestSurfaceCodePhysicalProperties::test_coherence_enhancement_10x PASSED [ 82%]
tests/test_surface_code.py::TestSurfaceCodePhysicalProperties::test_coherence_margin_for_viability PASSED [ 83%]
tests/test_surface_code.py::TestSurfaceCodePhysicalProperties::test_distance_3_qubit_count PASSED [ 84%]
tests/test_surface_code.py::TestSurfaceCodePhysicalProperties::test_logical_error_suppressed PASSED [ 86%]
tests/test_surface_code.py::TestSurfaceCodePhysicalProperties::test_logical_t2_is_10x_physical PASSED [ 87%]
tests/test_surface_code.py::TestSurfaceCodePhysicalProperties::test_physical_error_below_threshold PASSED [ 89%]
tests/test_surface_code.py::TestSurfaceCodePhysicalProperties::test_syndrome_cycles_per_window PASSED [ 90%]
tests/test_surface_code.py::TestSurfaceCodeDistanceScaling::test_above_threshold_degrades PASSED [ 91%]
tests/test_surface_code.py::TestSurfaceCodeDistanceScaling::test_higher_distance_better_enhancement PASSED [ 93%]
tests/test_surface_code.py::TestSurfaceCodeDistanceScaling::test_higher_distance_lower_logical_error PASSED [ 94%]
tests/test_surface_code.py::TestSurfaceCodeDistanceScaling::test_logical_error_threshold_behavior PASSED [ 95%]
tests/test_surface_code.py::TestSurfaceCodeDistanceScaling::test_qubit_count_formula PASSED [ 97%]
tests/test_surface_code.py::TestMWPMTiming::test_mwpm_latency_acceptable PASSED [ 98%]
tests/test_surface_code.py::TestMWPMTiming::test_syndrome_cycle_fits_in_spike_window PASSED [100%]

============================= 73 passed in 2.37s ==============================
